[2018-10-08 15:47:52.641] [jointLog] [info] Fragment incompatibility prior below threshold.  Incompatible fragments will be ignored.
[2018-10-08 15:47:52.641] [jointLog] [info] parsing read library format
[2018-10-08 15:47:52.641] [jointLog] [info] There is 1 library.
[2018-10-08 15:47:52.696] [jointLog] [info] Loading Quasi index
[2018-10-08 15:47:52.696] [jointLog] [info] Loading 32-bit quasi index
[2018-10-08 15:47:58.829] [jointLog] [info] done
[2018-10-08 15:47:58.829] [jointLog] [info] Index contained 199612 targets
[2018-10-08 15:47:59.354] [jointLog] [info] Automatically detected most likely library type as ISR
[2018-10-08 15:50:04.777] [jointLog] [info] Thread saw mini-batch with a maximum of 1.46% zero probability fragments
[2018-10-08 15:50:04.777] [jointLog] [info] Thread saw mini-batch with a maximum of 1.46% zero probability fragments
[2018-10-08 15:50:04.780] [jointLog] [info] Thread saw mini-batch with a maximum of 1.52% zero probability fragments
[2018-10-08 15:50:04.785] [jointLog] [info] Thread saw mini-batch with a maximum of 1.46% zero probability fragments
[2018-10-08 15:50:04.807] [jointLog] [info] Thread saw mini-batch with a maximum of 1.42% zero probability fragments
[2018-10-08 15:50:04.812] [jointLog] [info] Thread saw mini-batch with a maximum of 1.56% zero probability fragments
[2018-10-08 15:50:04.836] [jointLog] [info] Thread saw mini-batch with a maximum of 1.50% zero probability fragments
[2018-10-08 15:50:04.845] [jointLog] [info] Thread saw mini-batch with a maximum of 1.48% zero probability fragments
[2018-10-08 15:50:04.864] [jointLog] [info] Thread saw mini-batch with a maximum of 1.50% zero probability fragments
[2018-10-08 15:50:04.864] [jointLog] [info] Thread saw mini-batch with a maximum of 1.46% zero probability fragments
[2018-10-08 15:50:05.134] [fileLog] [info] 
At end of round 0
==================
Observed 42765452 total fragments (42765452 in most recent round)

[2018-10-08 15:50:05.134] [jointLog] [info] Computed 324419 rich equivalence classes for further processing
[2018-10-08 15:50:05.134] [jointLog] [info] Counted 37781022 total reads in the equivalence classes 
[2018-10-08 15:50:05.140] [jointLog] [info] Mapping rate = 88.3447%

[2018-10-08 15:50:05.140] [jointLog] [info] finished quantifyLibrary()
[2018-10-08 15:50:05.140] [jointLog] [info] Starting optimizer
[2018-10-08 15:50:05.244] [jointLog] [info] Marked 0 weighted equivalence classes as degenerate
[2018-10-08 15:50:05.260] [jointLog] [info] iteration = 0 | max rel diff. = 2018.72
[2018-10-08 15:50:06.287] [jointLog] [info] iteration = 100 | max rel diff. = 7.26427
[2018-10-08 15:50:07.328] [jointLog] [info] iteration = 200 | max rel diff. = 20.3754
[2018-10-08 15:50:08.358] [jointLog] [info] iteration = 300 | max rel diff. = 10.1042
[2018-10-08 15:50:09.398] [jointLog] [info] iteration = 400 | max rel diff. = 8.51567
[2018-10-08 15:50:10.446] [jointLog] [info] iteration = 500 | max rel diff. = 0.330143
[2018-10-08 15:50:11.498] [jointLog] [info] iteration = 600 | max rel diff. = 0.0742036
[2018-10-08 15:50:12.542] [jointLog] [info] iteration = 700 | max rel diff. = 7.60971
[2018-10-08 15:50:13.584] [jointLog] [info] iteration = 800 | max rel diff. = 0.151482
[2018-10-08 15:50:14.626] [jointLog] [info] iteration = 900 | max rel diff. = 0.0298369
[2018-10-08 15:50:15.669] [jointLog] [info] iteration = 1000 | max rel diff. = 0.121097
[2018-10-08 15:50:16.712] [jointLog] [info] iteration = 1100 | max rel diff. = 0.39419
[2018-10-08 15:50:17.754] [jointLog] [info] iteration = 1200 | max rel diff. = 0.0184486
[2018-10-08 15:50:18.797] [jointLog] [info] iteration = 1300 | max rel diff. = 0.0822155
[2018-10-08 15:50:19.568] [jointLog] [info] iteration = 1375 | max rel diff. = 0.0085596
[2018-10-08 15:50:19.572] [jointLog] [info] Finished optimizer
[2018-10-08 15:50:19.572] [jointLog] [info] writing output 

