[2018-10-04 17:08:35.483] [jointLog] [info] Fragment incompatibility prior below threshold.  Incompatible fragments will be ignored.
[2018-10-04 17:08:35.483] [jointLog] [info] parsing read library format
[2018-10-04 17:08:35.483] [jointLog] [info] There is 1 library.
[2018-10-04 17:08:35.540] [jointLog] [info] Loading Quasi index
[2018-10-04 17:08:35.540] [jointLog] [info] Loading 32-bit quasi index
[2018-10-04 17:08:41.799] [jointLog] [info] done
[2018-10-04 17:08:41.799] [jointLog] [info] Index contained 199612 targets
[2018-10-04 17:08:42.289] [jointLog] [info] Automatically detected most likely library type as ISR
[2018-10-04 17:10:58.652] [jointLog] [info] Thread saw mini-batch with a maximum of 1.60% zero probability fragments
[2018-10-04 17:10:58.652] [jointLog] [info] Thread saw mini-batch with a maximum of 1.62% zero probability fragments
[2018-10-04 17:10:58.652] [jointLog] [info] Thread saw mini-batch with a maximum of 1.52% zero probability fragments
[2018-10-04 17:10:58.657] [jointLog] [info] Thread saw mini-batch with a maximum of 1.58% zero probability fragments
[2018-10-04 17:10:58.670] [jointLog] [info] Thread saw mini-batch with a maximum of 1.70% zero probability fragments
[2018-10-04 17:10:58.684] [jointLog] [info] Thread saw mini-batch with a maximum of 1.68% zero probability fragments
[2018-10-04 17:10:58.699] [jointLog] [info] Thread saw mini-batch with a maximum of 1.54% zero probability fragments
[2018-10-04 17:10:58.724] [jointLog] [info] Thread saw mini-batch with a maximum of 1.68% zero probability fragments
[2018-10-04 17:10:58.726] [jointLog] [info] Thread saw mini-batch with a maximum of 1.62% zero probability fragments
[2018-10-04 17:10:58.729] [jointLog] [info] Thread saw mini-batch with a maximum of 1.60% zero probability fragments
[2018-10-04 17:10:59.022] [jointLog] [info] Computed 337304 rich equivalence classes for further processing
[2018-10-04 17:10:59.022] [jointLog] [info] Counted 40001966 total reads in the equivalence classes 
[2018-10-04 17:10:59.028] [jointLog] [info] Mapping rate = 89.8332%

[2018-10-04 17:10:59.028] [jointLog] [info] finished quantifyLibrary()
[2018-10-04 17:10:59.028] [jointLog] [info] Starting optimizer
[2018-10-04 17:10:59.135] [jointLog] [info] Marked 0 weighted equivalence classes as degenerate
[2018-10-04 17:10:59.150] [jointLog] [info] iteration = 0 | max rel diff. = 736.05
[2018-10-04 17:10:59.022] [fileLog] [info] 
At end of round 0
==================
Observed 44529165 total fragments (44529165 in most recent round)

[2018-10-04 17:11:00.194] [jointLog] [info] iteration = 100 | max rel diff. = 15.8716
[2018-10-04 17:11:01.261] [jointLog] [info] iteration = 200 | max rel diff. = 2.58414
[2018-10-04 17:11:02.328] [jointLog] [info] iteration = 300 | max rel diff. = 1.8882
[2018-10-04 17:11:03.392] [jointLog] [info] iteration = 400 | max rel diff. = 0.285079
[2018-10-04 17:11:04.457] [jointLog] [info] iteration = 500 | max rel diff. = 0.430595
[2018-10-04 17:11:05.519] [jointLog] [info] iteration = 600 | max rel diff. = 0.0802726
[2018-10-04 17:11:06.581] [jointLog] [info] iteration = 700 | max rel diff. = 0.127461
[2018-10-04 17:11:07.646] [jointLog] [info] iteration = 800 | max rel diff. = 0.140226
[2018-10-04 17:11:08.721] [jointLog] [info] iteration = 900 | max rel diff. = 0.0274983
[2018-10-04 17:11:09.799] [jointLog] [info] iteration = 1000 | max rel diff. = 0.248098
[2018-10-04 17:11:10.863] [jointLog] [info] iteration = 1100 | max rel diff. = 0.0506947
[2018-10-04 17:11:11.922] [jointLog] [info] iteration = 1200 | max rel diff. = 0.0396738
[2018-10-04 17:11:12.984] [jointLog] [info] iteration = 1300 | max rel diff. = 0.174407
[2018-10-04 17:11:14.045] [jointLog] [info] iteration = 1400 | max rel diff. = 0.473185
[2018-10-04 17:11:15.015] [jointLog] [info] iteration = 1493 | max rel diff. = 0.00719492
[2018-10-04 17:11:15.019] [jointLog] [info] Finished optimizer
[2018-10-04 17:11:15.019] [jointLog] [info] writing output 

