[2018-10-04 17:11:16.384] [jointLog] [info] Fragment incompatibility prior below threshold.  Incompatible fragments will be ignored.
[2018-10-04 17:11:16.384] [jointLog] [info] parsing read library format
[2018-10-04 17:11:16.384] [jointLog] [info] There is 1 library.
[2018-10-04 17:11:16.442] [jointLog] [info] Loading Quasi index
[2018-10-04 17:11:16.442] [jointLog] [info] Loading 32-bit quasi index
[2018-10-04 17:11:22.706] [jointLog] [info] done
[2018-10-04 17:11:22.706] [jointLog] [info] Index contained 199612 targets
[2018-10-04 17:11:23.443] [jointLog] [info] Automatically detected most likely library type as ISR
[2018-10-04 17:12:56.689] [jointLog] [info] Thread saw mini-batch with a maximum of 1.50% zero probability fragments
[2018-10-04 17:12:56.689] [jointLog] [info] Thread saw mini-batch with a maximum of 1.42% zero probability fragments
[2018-10-04 17:12:56.692] [jointLog] [info] Thread saw mini-batch with a maximum of 1.42% zero probability fragments
[2018-10-04 17:12:56.695] [jointLog] [info] Thread saw mini-batch with a maximum of 1.44% zero probability fragments
[2018-10-04 17:12:56.714] [jointLog] [info] Thread saw mini-batch with a maximum of 1.52% zero probability fragments
[2018-10-04 17:12:56.724] [jointLog] [info] Thread saw mini-batch with a maximum of 1.58% zero probability fragments
[2018-10-04 17:12:56.725] [jointLog] [info] Thread saw mini-batch with a maximum of 1.59% zero probability fragments
[2018-10-04 17:12:56.749] [jointLog] [info] Thread saw mini-batch with a maximum of 1.52% zero probability fragments
[2018-10-04 17:12:56.762] [jointLog] [info] Thread saw mini-batch with a maximum of 1.38% zero probability fragments
[2018-10-04 17:12:56.775] [jointLog] [info] Thread saw mini-batch with a maximum of 1.52% zero probability fragments
[2018-10-04 17:12:57.113] [jointLog] [info] Computed 295872 rich equivalence classes for further processing
[2018-10-04 17:12:57.113] [jointLog] [info] Counted 27011859 total reads in the equivalence classes 
[2018-10-04 17:12:57.119] [jointLog] [info] Mapping rate = 89.9136%

[2018-10-04 17:12:57.119] [jointLog] [info] finished quantifyLibrary()
[2018-10-04 17:12:57.119] [jointLog] [info] Starting optimizer
[2018-10-04 17:12:57.222] [jointLog] [info] Marked 0 weighted equivalence classes as degenerate
[2018-10-04 17:12:57.233] [jointLog] [info] iteration = 0 | max rel diff. = 5538.03
[2018-10-04 17:12:57.114] [fileLog] [info] 
At end of round 0
==================
Observed 30042007 total fragments (30042007 in most recent round)

[2018-10-04 17:12:58.183] [jointLog] [info] iteration = 100 | max rel diff. = 16.341
[2018-10-04 17:12:59.149] [jointLog] [info] iteration = 200 | max rel diff. = 6.85578
[2018-10-04 17:13:00.133] [jointLog] [info] iteration = 300 | max rel diff. = 0.716748
[2018-10-04 17:13:01.118] [jointLog] [info] iteration = 400 | max rel diff. = 2.54738
[2018-10-04 17:13:02.104] [jointLog] [info] iteration = 500 | max rel diff. = 0.565459
[2018-10-04 17:13:03.088] [jointLog] [info] iteration = 600 | max rel diff. = 0.326989
[2018-10-04 17:13:04.059] [jointLog] [info] iteration = 700 | max rel diff. = 0.0806979
[2018-10-04 17:13:05.024] [jointLog] [info] iteration = 800 | max rel diff. = 0.376847
[2018-10-04 17:13:05.991] [jointLog] [info] iteration = 900 | max rel diff. = 0.03387
[2018-10-04 17:13:06.967] [jointLog] [info] iteration = 1000 | max rel diff. = 0.072817
[2018-10-04 17:13:07.945] [jointLog] [info] iteration = 1100 | max rel diff. = 0.0246026
[2018-10-04 17:13:08.452] [jointLog] [info] iteration = 1153 | max rel diff. = 0.00997391
[2018-10-04 17:13:08.456] [jointLog] [info] Finished optimizer
[2018-10-04 17:13:08.456] [jointLog] [info] writing output 

