[2018-10-04 17:53:48.997] [jointLog] [info] Fragment incompatibility prior below threshold.  Incompatible fragments will be ignored.
[2018-10-04 17:53:48.997] [jointLog] [info] parsing read library format
[2018-10-04 17:53:48.997] [jointLog] [info] There is 1 library.
[2018-10-04 17:53:49.054] [jointLog] [info] Loading Quasi index
[2018-10-04 17:53:49.054] [jointLog] [info] Loading 32-bit quasi index
[2018-10-04 17:53:55.322] [jointLog] [info] done
[2018-10-04 17:53:55.322] [jointLog] [info] Index contained 199612 targets
[2018-10-04 17:53:55.859] [jointLog] [info] Automatically detected most likely library type as ISR
[2018-10-04 17:55:31.751] [jointLog] [info] Thread saw mini-batch with a maximum of 1.50% zero probability fragments
[2018-10-04 17:55:31.751] [jointLog] [info] Thread saw mini-batch with a maximum of 1.60% zero probability fragments
[2018-10-04 17:55:31.751] [jointLog] [info] Thread saw mini-batch with a maximum of 1.64% zero probability fragments
[2018-10-04 17:55:31.758] [jointLog] [info] Thread saw mini-batch with a maximum of 1.54% zero probability fragments
[2018-10-04 17:55:31.774] [jointLog] [info] Thread saw mini-batch with a maximum of 1.60% zero probability fragments
[2018-10-04 17:55:31.783] [jointLog] [info] Thread saw mini-batch with a maximum of 1.50% zero probability fragments
[2018-10-04 17:55:31.789] [jointLog] [info] Thread saw mini-batch with a maximum of 1.56% zero probability fragments
[2018-10-04 17:55:31.802] [jointLog] [info] Thread saw mini-batch with a maximum of 1.60% zero probability fragments
[2018-10-04 17:55:31.830] [jointLog] [info] Thread saw mini-batch with a maximum of 1.50% zero probability fragments
[2018-10-04 17:55:31.846] [jointLog] [info] Thread saw mini-batch with a maximum of 1.60% zero probability fragments
[2018-10-04 17:55:32.105] [jointLog] [info] Computed 302132 rich equivalence classes for further processing
[2018-10-04 17:55:32.105] [jointLog] [info] Counted 27190676 total reads in the equivalence classes 
[2018-10-04 17:55:32.110] [jointLog] [info] Mapping rate = 88.5209%

[2018-10-04 17:55:32.110] [jointLog] [info] finished quantifyLibrary()
[2018-10-04 17:55:32.111] [jointLog] [info] Starting optimizer
[2018-10-04 17:55:32.106] [fileLog] [info] 
At end of round 0
==================
Observed 30716669 total fragments (30716669 in most recent round)

[2018-10-04 17:55:32.221] [jointLog] [info] Marked 0 weighted equivalence classes as degenerate
[2018-10-04 17:55:32.235] [jointLog] [info] iteration = 0 | max rel diff. = 5554.7
[2018-10-04 17:55:33.220] [jointLog] [info] iteration = 100 | max rel diff. = 18.6678
[2018-10-04 17:55:34.208] [jointLog] [info] iteration = 200 | max rel diff. = 18.1321
[2018-10-04 17:55:35.196] [jointLog] [info] iteration = 300 | max rel diff. = 2.18917
[2018-10-04 17:55:36.184] [jointLog] [info] iteration = 400 | max rel diff. = 0.150785
[2018-10-04 17:55:37.171] [jointLog] [info] iteration = 500 | max rel diff. = 0.187181
[2018-10-04 17:55:38.157] [jointLog] [info] iteration = 600 | max rel diff. = 0.475472
[2018-10-04 17:55:39.138] [jointLog] [info] iteration = 700 | max rel diff. = 0.953888
[2018-10-04 17:55:40.121] [jointLog] [info] iteration = 800 | max rel diff. = 2.16792
[2018-10-04 17:55:41.104] [jointLog] [info] iteration = 900 | max rel diff. = 0.0127847
[2018-10-04 17:55:42.087] [jointLog] [info] iteration = 1000 | max rel diff. = 0.0240247
[2018-10-04 17:55:43.070] [jointLog] [info] iteration = 1100 | max rel diff. = 0.455069
[2018-10-04 17:55:44.044] [jointLog] [info] iteration = 1200 | max rel diff. = 0.112277
[2018-10-04 17:55:45.037] [jointLog] [info] iteration = 1300 | max rel diff. = 0.230994
[2018-10-04 17:55:46.024] [jointLog] [info] iteration = 1400 | max rel diff. = 0.0120289
[2018-10-04 17:55:46.872] [jointLog] [info] iteration = 1487 | max rel diff. = 0.00574639
[2018-10-04 17:55:46.877] [jointLog] [info] Finished optimizer
[2018-10-04 17:55:46.877] [jointLog] [info] writing output 

