[2018-10-04 17:30:47.101] [jointLog] [info] Fragment incompatibility prior below threshold.  Incompatible fragments will be ignored.
[2018-10-04 17:30:47.101] [jointLog] [info] parsing read library format
[2018-10-04 17:30:47.101] [jointLog] [info] There is 1 library.
[2018-10-04 17:30:47.158] [jointLog] [info] Loading Quasi index
[2018-10-04 17:30:47.158] [jointLog] [info] Loading 32-bit quasi index
[2018-10-04 17:30:53.409] [jointLog] [info] done
[2018-10-04 17:30:53.409] [jointLog] [info] Index contained 199612 targets
[2018-10-04 17:30:53.932] [jointLog] [info] Automatically detected most likely library type as ISR
[2018-10-04 17:32:43.070] [jointLog] [info] Thread saw mini-batch with a maximum of 1.66% zero probability fragments
[2018-10-04 17:32:43.070] [jointLog] [info] Thread saw mini-batch with a maximum of 1.72% zero probability fragments
[2018-10-04 17:32:43.071] [jointLog] [info] Thread saw mini-batch with a maximum of 1.66% zero probability fragments
[2018-10-04 17:32:43.072] [jointLog] [info] Thread saw mini-batch with a maximum of 1.60% zero probability fragments
[2018-10-04 17:32:43.088] [jointLog] [info] Thread saw mini-batch with a maximum of 1.64% zero probability fragments
[2018-10-04 17:32:43.103] [jointLog] [info] Thread saw mini-batch with a maximum of 1.62% zero probability fragments
[2018-10-04 17:32:43.116] [jointLog] [info] Thread saw mini-batch with a maximum of 1.68% zero probability fragments
[2018-10-04 17:32:43.132] [jointLog] [info] Thread saw mini-batch with a maximum of 1.78% zero probability fragments
[2018-10-04 17:32:43.133] [jointLog] [info] Thread saw mini-batch with a maximum of 1.76% zero probability fragments
[2018-10-04 17:32:43.163] [jointLog] [info] Thread saw mini-batch with a maximum of 1.70% zero probability fragments
[2018-10-04 17:32:43.446] [fileLog] [info] 
At end of round 0
==================
Observed 35183494 total fragments (35183494 in most recent round)

[2018-10-04 17:32:43.445] [jointLog] [info] Computed 316812 rich equivalence classes for further processing
[2018-10-04 17:32:43.445] [jointLog] [info] Counted 31616576 total reads in the equivalence classes 
[2018-10-04 17:32:43.451] [jointLog] [info] Mapping rate = 89.862%

[2018-10-04 17:32:43.451] [jointLog] [info] finished quantifyLibrary()
[2018-10-04 17:32:43.451] [jointLog] [info] Starting optimizer
[2018-10-04 17:32:43.568] [jointLog] [info] Marked 0 weighted equivalence classes as degenerate
[2018-10-04 17:32:43.582] [jointLog] [info] iteration = 0 | max rel diff. = 4736.02
[2018-10-04 17:32:44.587] [jointLog] [info] iteration = 100 | max rel diff. = 11.2366
[2018-10-04 17:32:45.599] [jointLog] [info] iteration = 200 | max rel diff. = 6.00359
[2018-10-04 17:32:46.609] [jointLog] [info] iteration = 300 | max rel diff. = 17.5111
[2018-10-04 17:32:47.627] [jointLog] [info] iteration = 400 | max rel diff. = 4.21217
[2018-10-04 17:32:48.657] [jointLog] [info] iteration = 500 | max rel diff. = 0.283001
[2018-10-04 17:32:49.682] [jointLog] [info] iteration = 600 | max rel diff. = 0.488194
[2018-10-04 17:32:50.705] [jointLog] [info] iteration = 700 | max rel diff. = 0.0770183
[2018-10-04 17:32:51.729] [jointLog] [info] iteration = 800 | max rel diff. = 0.0580199
[2018-10-04 17:32:52.744] [jointLog] [info] iteration = 900 | max rel diff. = 0.584693
[2018-10-04 17:32:53.763] [jointLog] [info] iteration = 1000 | max rel diff. = 0.353115
[2018-10-04 17:32:54.790] [jointLog] [info] iteration = 1100 | max rel diff. = 0.137192
[2018-10-04 17:32:55.816] [jointLog] [info] iteration = 1200 | max rel diff. = 0.0587612
[2018-10-04 17:32:56.843] [jointLog] [info] iteration = 1300 | max rel diff. = 0.213524
[2018-10-04 17:32:57.004] [jointLog] [info] iteration = 1317 | max rel diff. = 0.00773859
[2018-10-04 17:32:57.008] [jointLog] [info] Finished optimizer
[2018-10-04 17:32:57.008] [jointLog] [info] writing output 

