[2018-10-04 17:32:59.028] [jointLog] [info] Fragment incompatibility prior below threshold.  Incompatible fragments will be ignored.
[2018-10-04 17:32:59.028] [jointLog] [info] parsing read library format
[2018-10-04 17:32:59.028] [jointLog] [info] There is 1 library.
[2018-10-04 17:32:59.086] [jointLog] [info] Loading Quasi index
[2018-10-04 17:32:59.086] [jointLog] [info] Loading 32-bit quasi index
[2018-10-04 17:33:05.343] [jointLog] [info] done
[2018-10-04 17:33:05.343] [jointLog] [info] Index contained 199612 targets
[2018-10-04 17:33:06.007] [jointLog] [info] Automatically detected most likely library type as ISR
[2018-10-04 17:35:14.941] [jointLog] [info] Thread saw mini-batch with a maximum of 1.60% zero probability fragments
[2018-10-04 17:35:14.941] [jointLog] [info] Thread saw mini-batch with a maximum of 1.56% zero probability fragments
[2018-10-04 17:35:14.945] [jointLog] [info] Thread saw mini-batch with a maximum of 1.44% zero probability fragments
[2018-10-04 17:35:14.951] [jointLog] [info] Thread saw mini-batch with a maximum of 1.56% zero probability fragments
[2018-10-04 17:35:14.957] [jointLog] [info] Thread saw mini-batch with a maximum of 1.58% zero probability fragments
[2018-10-04 17:35:14.971] [jointLog] [info] Thread saw mini-batch with a maximum of 1.50% zero probability fragments
[2018-10-04 17:35:14.990] [jointLog] [info] Thread saw mini-batch with a maximum of 1.46% zero probability fragments
[2018-10-04 17:35:14.999] [jointLog] [info] Thread saw mini-batch with a maximum of 1.52% zero probability fragments
[2018-10-04 17:35:15.011] [jointLog] [info] Thread saw mini-batch with a maximum of 1.64% zero probability fragments
[2018-10-04 17:35:15.039] [jointLog] [info] Thread saw mini-batch with a maximum of 1.48% zero probability fragments
[2018-10-04 17:35:15.308] [jointLog] [info] Computed 323590 rich equivalence classes for further processing
[2018-10-04 17:35:15.308] [jointLog] [info] Counted 36555183 total reads in the equivalence classes 
[2018-10-04 17:35:15.318] [jointLog] [info] Mapping rate = 89.0817%

[2018-10-04 17:35:15.318] [jointLog] [info] finished quantifyLibrary()
[2018-10-04 17:35:15.318] [jointLog] [info] Starting optimizer
[2018-10-04 17:35:15.457] [jointLog] [info] Marked 0 weighted equivalence classes as degenerate
[2018-10-04 17:35:15.468] [jointLog] [info] iteration = 0 | max rel diff. = 2319.89
[2018-10-04 17:35:15.308] [fileLog] [info] 
At end of round 0
==================
Observed 41035547 total fragments (41035547 in most recent round)

[2018-10-04 17:35:16.501] [jointLog] [info] iteration = 100 | max rel diff. = 7.68185
[2018-10-04 17:35:17.552] [jointLog] [info] iteration = 200 | max rel diff. = 11.7309
[2018-10-04 17:35:18.609] [jointLog] [info] iteration = 300 | max rel diff. = 1.2824
[2018-10-04 17:35:19.662] [jointLog] [info] iteration = 400 | max rel diff. = 4.89059
[2018-10-04 17:35:20.704] [jointLog] [info] iteration = 500 | max rel diff. = 0.724677
[2018-10-04 17:35:21.745] [jointLog] [info] iteration = 600 | max rel diff. = 2.11093
[2018-10-04 17:35:22.774] [jointLog] [info] iteration = 700 | max rel diff. = 0.155491
[2018-10-04 17:35:23.805] [jointLog] [info] iteration = 800 | max rel diff. = 0.73166
[2018-10-04 17:35:24.509] [jointLog] [info] iteration = 868 | max rel diff. = 0.00967019
[2018-10-04 17:35:24.514] [jointLog] [info] Finished optimizer
[2018-10-04 17:35:24.514] [jointLog] [info] writing output 

