[2018-10-04 17:45:23.791] [jointLog] [info] Fragment incompatibility prior below threshold.  Incompatible fragments will be ignored.
[2018-10-04 17:45:23.791] [jointLog] [info] parsing read library format
[2018-10-04 17:45:23.791] [jointLog] [info] There is 1 library.
[2018-10-04 17:45:23.838] [jointLog] [info] Loading Quasi index
[2018-10-04 17:45:23.838] [jointLog] [info] Loading 32-bit quasi index
[2018-10-04 17:45:30.028] [jointLog] [info] done
[2018-10-04 17:45:30.028] [jointLog] [info] Index contained 199612 targets
[2018-10-04 17:45:30.565] [jointLog] [info] Automatically detected most likely library type as ISR
[2018-10-04 17:48:39.360] [jointLog] [info] Thread saw mini-batch with a maximum of 1.40% zero probability fragments
[2018-10-04 17:48:39.360] [jointLog] [info] Thread saw mini-batch with a maximum of 1.52% zero probability fragments
[2018-10-04 17:48:39.360] [jointLog] [info] Thread saw mini-batch with a maximum of 1.38% zero probability fragments
[2018-10-04 17:48:39.360] [jointLog] [info] Thread saw mini-batch with a maximum of 1.48% zero probability fragments
[2018-10-04 17:48:39.376] [jointLog] [info] Thread saw mini-batch with a maximum of 1.38% zero probability fragments
[2018-10-04 17:48:39.381] [jointLog] [info] Thread saw mini-batch with a maximum of 1.38% zero probability fragments
[2018-10-04 17:48:39.390] [jointLog] [info] Thread saw mini-batch with a maximum of 1.46% zero probability fragments
[2018-10-04 17:48:39.398] [jointLog] [info] Thread saw mini-batch with a maximum of 1.38% zero probability fragments
[2018-10-04 17:48:39.437] [jointLog] [info] Thread saw mini-batch with a maximum of 1.42% zero probability fragments
[2018-10-04 17:48:39.442] [jointLog] [info] Thread saw mini-batch with a maximum of 1.42% zero probability fragments
[2018-10-04 17:48:39.750] [fileLog] [info] 
At end of round 0
==================
Observed 60196700 total fragments (60196700 in most recent round)

[2018-10-04 17:48:39.750] [jointLog] [info] Computed 347044 rich equivalence classes for further processing
[2018-10-04 17:48:39.750] [jointLog] [info] Counted 53338488 total reads in the equivalence classes 
[2018-10-04 17:48:39.756] [jointLog] [info] Mapping rate = 88.607%

[2018-10-04 17:48:39.756] [jointLog] [info] finished quantifyLibrary()
[2018-10-04 17:48:39.756] [jointLog] [info] Starting optimizer
[2018-10-04 17:48:39.875] [jointLog] [info] Marked 0 weighted equivalence classes as degenerate
[2018-10-04 17:48:39.889] [jointLog] [info] iteration = 0 | max rel diff. = 80.4302
[2018-10-04 17:48:40.984] [jointLog] [info] iteration = 100 | max rel diff. = 10.3995
[2018-10-04 17:48:42.081] [jointLog] [info] iteration = 200 | max rel diff. = 2.92858
[2018-10-04 17:48:43.178] [jointLog] [info] iteration = 300 | max rel diff. = 2.29331
[2018-10-04 17:48:44.281] [jointLog] [info] iteration = 400 | max rel diff. = 0.796523
[2018-10-04 17:48:45.392] [jointLog] [info] iteration = 500 | max rel diff. = 0.58806
[2018-10-04 17:48:46.459] [jointLog] [info] iteration = 600 | max rel diff. = 8.80496
[2018-10-04 17:48:47.556] [jointLog] [info] iteration = 700 | max rel diff. = 0.110398
[2018-10-04 17:48:48.651] [jointLog] [info] iteration = 800 | max rel diff. = 0.608123
[2018-10-04 17:48:49.745] [jointLog] [info] iteration = 900 | max rel diff. = 0.107055
[2018-10-04 17:48:50.839] [jointLog] [info] iteration = 1000 | max rel diff. = 6.69163
[2018-10-04 17:48:51.933] [jointLog] [info] iteration = 1100 | max rel diff. = 0.0626835
[2018-10-04 17:48:53.026] [jointLog] [info] iteration = 1200 | max rel diff. = 0.0483685
[2018-10-04 17:48:54.125] [jointLog] [info] iteration = 1300 | max rel diff. = 0.0436969
[2018-10-04 17:48:54.491] [jointLog] [info] iteration = 1336 | max rel diff. = 0.00964221
[2018-10-04 17:48:54.497] [jointLog] [info] Finished optimizer
[2018-10-04 17:48:54.497] [jointLog] [info] writing output 

