[2018-10-04 17:17:32.195] [jointLog] [info] Fragment incompatibility prior below threshold.  Incompatible fragments will be ignored.
[2018-10-04 17:17:32.195] [jointLog] [info] parsing read library format
[2018-10-04 17:17:32.195] [jointLog] [info] There is 1 library.
[2018-10-04 17:17:32.252] [jointLog] [info] Loading Quasi index
[2018-10-04 17:17:32.253] [jointLog] [info] Loading 32-bit quasi index
[2018-10-04 17:17:38.299] [jointLog] [info] done
[2018-10-04 17:17:38.299] [jointLog] [info] Index contained 199612 targets
[2018-10-04 17:17:38.866] [jointLog] [info] Automatically detected most likely library type as ISR
[2018-10-04 17:19:46.513] [jointLog] [info] Thread saw mini-batch with a maximum of 1.66% zero probability fragments
[2018-10-04 17:19:46.513] [jointLog] [info] Thread saw mini-batch with a maximum of 1.72% zero probability fragments
[2018-10-04 17:19:46.513] [jointLog] [info] Thread saw mini-batch with a maximum of 1.70% zero probability fragments
[2018-10-04 17:19:46.513] [jointLog] [info] Thread saw mini-batch with a maximum of 1.76% zero probability fragments
[2018-10-04 17:19:46.527] [jointLog] [info] Thread saw mini-batch with a maximum of 1.68% zero probability fragments
[2018-10-04 17:19:46.550] [jointLog] [info] Thread saw mini-batch with a maximum of 1.68% zero probability fragments
[2018-10-04 17:19:46.555] [jointLog] [info] Thread saw mini-batch with a maximum of 1.70% zero probability fragments
[2018-10-04 17:19:46.569] [jointLog] [info] Thread saw mini-batch with a maximum of 1.64% zero probability fragments
[2018-10-04 17:19:46.584] [jointLog] [info] Thread saw mini-batch with a maximum of 1.68% zero probability fragments
[2018-10-04 17:19:46.595] [jointLog] [info] Thread saw mini-batch with a maximum of 1.76% zero probability fragments
[2018-10-04 17:19:46.988] [jointLog] [info] Computed 330805 rich equivalence classes for further processing
[2018-10-04 17:19:46.988] [jointLog] [info] Counted 37090653 total reads in the equivalence classes 
[2018-10-04 17:19:46.994] [jointLog] [info] Mapping rate = 90.1142%

[2018-10-04 17:19:46.994] [jointLog] [info] finished quantifyLibrary()
[2018-10-04 17:19:46.995] [jointLog] [info] Starting optimizer
[2018-10-04 17:19:47.110] [jointLog] [info] Marked 0 weighted equivalence classes as degenerate
[2018-10-04 17:19:47.120] [jointLog] [info] iteration = 0 | max rel diff. = 1075.56
[2018-10-04 17:19:46.989] [fileLog] [info] 
At end of round 0
==================
Observed 41159613 total fragments (41159613 in most recent round)

[2018-10-04 17:19:48.150] [jointLog] [info] iteration = 100 | max rel diff. = 11.5863
[2018-10-04 17:19:49.200] [jointLog] [info] iteration = 200 | max rel diff. = 7.76478
[2018-10-04 17:19:50.233] [jointLog] [info] iteration = 300 | max rel diff. = 5.5741
[2018-10-04 17:19:51.262] [jointLog] [info] iteration = 400 | max rel diff. = 1.03047
[2018-10-04 17:19:52.306] [jointLog] [info] iteration = 500 | max rel diff. = 0.770316
[2018-10-04 17:19:53.355] [jointLog] [info] iteration = 600 | max rel diff. = 0.432996
[2018-10-04 17:19:54.396] [jointLog] [info] iteration = 700 | max rel diff. = 0.0725788
[2018-10-04 17:19:55.434] [jointLog] [info] iteration = 800 | max rel diff. = 0.0648888
[2018-10-04 17:19:56.476] [jointLog] [info] iteration = 900 | max rel diff. = 0.046036
[2018-10-04 17:19:57.528] [jointLog] [info] iteration = 1000 | max rel diff. = 0.157961
[2018-10-04 17:19:58.575] [jointLog] [info] iteration = 1100 | max rel diff. = 0.307565
[2018-10-04 17:19:59.616] [jointLog] [info] iteration = 1200 | max rel diff. = 0.0483572
[2018-10-04 17:20:00.654] [jointLog] [info] iteration = 1300 | max rel diff. = 0.0927137
[2018-10-04 17:20:01.689] [jointLog] [info] iteration = 1400 | max rel diff. = 0.0714194
[2018-10-04 17:20:02.497] [jointLog] [info] iteration = 1481 | max rel diff. = 0.00759948
[2018-10-04 17:20:02.501] [jointLog] [info] Finished optimizer
[2018-10-04 17:20:02.501] [jointLog] [info] writing output 

