[2018-10-04 17:51:07.554] [jointLog] [info] Fragment incompatibility prior below threshold.  Incompatible fragments will be ignored.
[2018-10-04 17:51:07.554] [jointLog] [info] parsing read library format
[2018-10-04 17:51:07.554] [jointLog] [info] There is 1 library.
[2018-10-04 17:51:07.608] [jointLog] [info] Loading Quasi index
[2018-10-04 17:51:07.608] [jointLog] [info] Loading 32-bit quasi index
[2018-10-04 17:51:13.793] [jointLog] [info] done
[2018-10-04 17:51:13.793] [jointLog] [info] Index contained 199612 targets
[2018-10-04 17:51:14.347] [jointLog] [info] Automatically detected most likely library type as ISR
[2018-10-04 17:53:31.741] [jointLog] [info] Thread saw mini-batch with a maximum of 1.32% zero probability fragments
[2018-10-04 17:53:31.741] [jointLog] [info] Thread saw mini-batch with a maximum of 1.36% zero probability fragments
[2018-10-04 17:53:31.743] [jointLog] [info] Thread saw mini-batch with a maximum of 1.32% zero probability fragments
[2018-10-04 17:53:31.744] [jointLog] [info] Thread saw mini-batch with a maximum of 1.48% zero probability fragments
[2018-10-04 17:53:31.758] [jointLog] [info] Thread saw mini-batch with a maximum of 1.42% zero probability fragments
[2018-10-04 17:53:31.785] [jointLog] [info] Thread saw mini-batch with a maximum of 1.44% zero probability fragments
[2018-10-04 17:53:31.799] [jointLog] [info] Thread saw mini-batch with a maximum of 1.34% zero probability fragments
[2018-10-04 17:53:31.802] [jointLog] [info] Thread saw mini-batch with a maximum of 1.34% zero probability fragments
[2018-10-04 17:53:31.817] [jointLog] [info] Thread saw mini-batch with a maximum of 1.36% zero probability fragments
[2018-10-04 17:53:31.831] [jointLog] [info] Thread saw mini-batch with a maximum of 1.36% zero probability fragments
[2018-10-04 17:53:32.108] [jointLog] [info] Computed 325947 rich equivalence classes for further processing
[2018-10-04 17:53:32.108] [jointLog] [info] Counted 37966795 total reads in the equivalence classes 
[2018-10-04 17:53:32.114] [jointLog] [info] Mapping rate = 88.9358%

[2018-10-04 17:53:32.114] [jointLog] [info] finished quantifyLibrary()
[2018-10-04 17:53:32.114] [jointLog] [info] Starting optimizer
[2018-10-04 17:53:32.232] [jointLog] [info] Marked 0 weighted equivalence classes as degenerate
[2018-10-04 17:53:32.243] [jointLog] [info] iteration = 0 | max rel diff. = 1073.23
[2018-10-04 17:53:32.108] [fileLog] [info] 
At end of round 0
==================
Observed 42690133 total fragments (42690133 in most recent round)

[2018-10-04 17:53:33.290] [jointLog] [info] iteration = 100 | max rel diff. = 10.9142
[2018-10-04 17:53:34.319] [jointLog] [info] iteration = 200 | max rel diff. = 7.50735
[2018-10-04 17:53:35.356] [jointLog] [info] iteration = 300 | max rel diff. = 0.767343
[2018-10-04 17:53:36.408] [jointLog] [info] iteration = 400 | max rel diff. = 2.67413
[2018-10-04 17:53:37.451] [jointLog] [info] iteration = 500 | max rel diff. = 1.23251
[2018-10-04 17:53:38.499] [jointLog] [info] iteration = 600 | max rel diff. = 4.64905
[2018-10-04 17:53:39.533] [jointLog] [info] iteration = 700 | max rel diff. = 0.162913
[2018-10-04 17:53:40.563] [jointLog] [info] iteration = 800 | max rel diff. = 0.327604
[2018-10-04 17:53:41.584] [jointLog] [info] iteration = 900 | max rel diff. = 0.0452233
[2018-10-04 17:53:42.613] [jointLog] [info] iteration = 1000 | max rel diff. = 0.0281965
[2018-10-04 17:53:43.662] [jointLog] [info] iteration = 1100 | max rel diff. = 0.250276
[2018-10-04 17:53:44.710] [jointLog] [info] iteration = 1200 | max rel diff. = 0.0344947
[2018-10-04 17:53:45.757] [jointLog] [info] iteration = 1300 | max rel diff. = 0.0872096
[2018-10-04 17:53:46.806] [jointLog] [info] iteration = 1400 | max rel diff. = 0.134018
[2018-10-04 17:53:47.036] [jointLog] [info] iteration = 1423 | max rel diff. = 0.00907468
[2018-10-04 17:53:47.042] [jointLog] [info] Finished optimizer
[2018-10-04 17:53:47.042] [jointLog] [info] writing output 

