[2018-10-04 17:37:34.873] [jointLog] [info] Fragment incompatibility prior below threshold.  Incompatible fragments will be ignored.
[2018-10-04 17:37:34.873] [jointLog] [info] parsing read library format
[2018-10-04 17:37:34.873] [jointLog] [info] There is 1 library.
[2018-10-04 17:37:34.931] [jointLog] [info] Loading Quasi index
[2018-10-04 17:37:34.931] [jointLog] [info] Loading 32-bit quasi index
[2018-10-04 17:37:41.188] [jointLog] [info] done
[2018-10-04 17:37:41.188] [jointLog] [info] Index contained 199612 targets
[2018-10-04 17:37:41.743] [jointLog] [info] Automatically detected most likely library type as ISR
[2018-10-04 17:39:55.369] [jointLog] [info] Thread saw mini-batch with a maximum of 1.42% zero probability fragments
[2018-10-04 17:39:55.370] [jointLog] [info] Thread saw mini-batch with a maximum of 1.50% zero probability fragments
[2018-10-04 17:39:55.370] [jointLog] [info] Thread saw mini-batch with a maximum of 1.68% zero probability fragments
[2018-10-04 17:39:55.386] [jointLog] [info] Thread saw mini-batch with a maximum of 1.50% zero probability fragments
[2018-10-04 17:39:55.399] [jointLog] [info] Thread saw mini-batch with a maximum of 1.42% zero probability fragments
[2018-10-04 17:39:55.411] [jointLog] [info] Thread saw mini-batch with a maximum of 1.56% zero probability fragments
[2018-10-04 17:39:55.419] [jointLog] [info] Thread saw mini-batch with a maximum of 1.46% zero probability fragments
[2018-10-04 17:39:55.427] [jointLog] [info] Thread saw mini-batch with a maximum of 1.48% zero probability fragments
[2018-10-04 17:39:55.441] [jointLog] [info] Thread saw mini-batch with a maximum of 1.66% zero probability fragments
[2018-10-04 17:39:55.468] [jointLog] [info] Thread saw mini-batch with a maximum of 1.48% zero probability fragments
[2018-10-04 17:39:55.779] [fileLog] [info] 
At end of round 0
==================
Observed 41012486 total fragments (41012486 in most recent round)

[2018-10-04 17:39:55.778] [jointLog] [info] Computed 323961 rich equivalence classes for further processing
[2018-10-04 17:39:55.778] [jointLog] [info] Counted 36307820 total reads in the equivalence classes 
[2018-10-04 17:39:55.784] [jointLog] [info] Mapping rate = 88.5287%

[2018-10-04 17:39:55.784] [jointLog] [info] finished quantifyLibrary()
[2018-10-04 17:39:55.784] [jointLog] [info] Starting optimizer
[2018-10-04 17:39:55.901] [jointLog] [info] Marked 0 weighted equivalence classes as degenerate
[2018-10-04 17:39:55.919] [jointLog] [info] iteration = 0 | max rel diff. = 2113.91
[2018-10-04 17:39:56.975] [jointLog] [info] iteration = 100 | max rel diff. = 11.7961
[2018-10-04 17:39:58.019] [jointLog] [info] iteration = 200 | max rel diff. = 3.32329
[2018-10-04 17:39:59.053] [jointLog] [info] iteration = 300 | max rel diff. = 14.6518
[2018-10-04 17:40:00.091] [jointLog] [info] iteration = 400 | max rel diff. = 0.904758
[2018-10-04 17:40:01.135] [jointLog] [info] iteration = 500 | max rel diff. = 0.225706
[2018-10-04 17:40:02.180] [jointLog] [info] iteration = 600 | max rel diff. = 2.0807
[2018-10-04 17:40:03.222] [jointLog] [info] iteration = 700 | max rel diff. = 0.0584962
[2018-10-04 17:40:04.267] [jointLog] [info] iteration = 800 | max rel diff. = 0.0634972
[2018-10-04 17:40:05.313] [jointLog] [info] iteration = 900 | max rel diff. = 1.4671
[2018-10-04 17:40:06.357] [jointLog] [info] iteration = 1000 | max rel diff. = 2.11425
[2018-10-04 17:40:07.400] [jointLog] [info] iteration = 1100 | max rel diff. = 0.0831455
[2018-10-04 17:40:08.256] [jointLog] [info] iteration = 1183 | max rel diff. = 0.00969696
[2018-10-04 17:40:08.261] [jointLog] [info] Finished optimizer
[2018-10-04 17:40:08.261] [jointLog] [info] writing output 

